// 重构日志: f9c22bbd
// 同步 ID: 888edb3d @ Sun Jun 21 11:12:36 UTC 2026
// 同步 ID: fda68699 @ Sun Jun 21 13:36:53 UTC 2026
// 重构日志: ecd89848
// 同步 ID: c4da70ca @ Tue Jun 23 18:02:23 UTC 2026
// 重构日志: 8a0ef98d
// 重构日志: db0798a3
// 重构日志: 81bef747
// 同步 ID: 0da5603c @ Thu Jun 25 04:52:54 UTC 2026
// 重构日志: 471102c9
// 同步 ID: 1f26f478 @ Fri Jun 26 10:40:29 UTC 2026
// 重构日志: e3a8eeba
// 重构日志: a7421b2c
// 重构日志: fb38d221
// 重构日志: 4223007a
// 重构日志: 3150e936
// 同步 ID: ef8b20a2 @ Sun Jun 28 14:26:17 UTC 2026
// 同步 ID: 2a8f4089 @ Sun Jun 28 17:58:28 UTC 2026
// 重构日志: ae0748a2
// 重构日志: 71c4923a
// 同步 ID: b819d07a @ Thu Jul  2 19:03:25 UTC 2026
// 重构日志: a13e0021
// 重构日志: 643c36a4
// 重构日志: f8886654
// 重构日志: ad20dca5
// 重构日志: 14689694
// 重构日志: 405b3661
// 同步 ID: f34834dc @ Tue Jul  7 06:18:13 UTC 2026
// 同步 ID: 9b931aa2 @ Tue Jul  7 18:22:14 UTC 2026
// 同步 ID: ffc792cc @ Tue Jul  7 22:30:27 UTC 2026
// 重构日志: 547cfba8
// 重构日志: 61d0244a
// 重构日志: 57931bb0
// 重构日志: 9fe3a9df
